<?xml version="1.0" encoding="UTF-8"?>
<testsuite xmlns:xsi="http://www.w3.org/2001/XMLSchema-instance" xsi:noNamespaceSchemaLocation="https://maven.apache.org/surefire/maven-surefire-plugin/xsd/surefire-test-report.xsd" name="wasabi.TestThrowableCallback" time="0.04" tests="1" errors="0" skipped="0" failures="0">
  <properties>
    <property name="java.specification.version" value="17"/>
    <property name="sun.jnu.encoding" value="UTF-8"/>
    <property name="java.class.path" value="/home/bastoica/projects/wasabi/benchmarks/hadoop/wasabi/target/test-classes:/home/bastoica/projects/wasabi/benchmarks/hadoop/wasabi/target/classes:/home/bastoica/.m2/repository/org/aspectj/aspectjrt/1.9.8-SNAPSHOT/aspectjrt-1.9.8-SNAPSHOT.jar:/home/bastoica/.m2/repository/org/aspectj/aspectjweaver/1.9.8-SNAPSHOT/aspectjweaver-1.9.8-SNAPSHOT.jar:/home/bastoica/.m2/repository/org/slf4j/slf4j-api/2.0.0-alpha0/slf4j-api-2.0.0-alpha0.jar:/home/bastoica/.m2/repository/junit/junit/4.13.2/junit-4.13.2.jar:/home/bastoica/.m2/repository/org/hamcrest/hamcrest-core/1.3/hamcrest-core-1.3.jar:/home/bastoica/.m2/repository/org/junit/jupiter/junit-jupiter-api/5.8.2/junit-jupiter-api-5.8.2.jar:/home/bastoica/.m2/repository/org/opentest4j/opentest4j/1.2.0/opentest4j-1.2.0.jar:/home/bastoica/.m2/repository/org/junit/platform/junit-platform-commons/1.8.2/junit-platform-commons-1.8.2.jar:/home/bastoica/.m2/repository/org/apiguardian/apiguardian-api/1.1.2/apiguardian-api-1.1.2.jar:/home/bastoica/.m2/repository/org/assertj/assertj-core/3.20.2/assertj-core-3.20.2.jar:"/>
    <property name="java.vm.vendor" value="Private Build"/>
    <property name="sun.arch.data.model" value="64"/>
    <property name="test.build.dir" value="/home/bastoica/projects/wasabi/benchmarks/hadoop/wasabi/target/test-dir"/>
    <property name="test.cache.data" value=""/>
    <property name="java.vendor.url" value="Unknown"/>
    <property name="os.name" value="Linux"/>
    <property name="java.vm.specification.version" value="17"/>
    <property name="test.build.data" value="/home/bastoica/projects/wasabi/benchmarks/hadoop/wasabi/target/test-dir"/>
    <property name="sun.java.launcher" value="SUN_STANDARD"/>
    <property name="user.country" value="US"/>
    <property name="sun.boot.library.path" value="/usr/lib/jvm/java-17-openjdk-amd64/lib"/>
    <property name="sun.java.command" value="/home/bastoica/projects/wasabi/benchmarks/hadoop/wasabi/target/surefire/surefirebooter17245096222333261085.jar /home/bastoica/projects/wasabi/benchmarks/hadoop/wasabi/target/surefire 2023-04-03T19-53-25_973-jvmRun1 surefire2828306806886119531tmp surefire_017502996836434072330tmp"/>
    <property name="jdk.debug" value="release"/>
    <property name="surefire.test.class.path" value="/home/bastoica/projects/wasabi/benchmarks/hadoop/wasabi/target/test-classes:/home/bastoica/projects/wasabi/benchmarks/hadoop/wasabi/target/classes:/home/bastoica/.m2/repository/org/aspectj/aspectjrt/1.9.8-SNAPSHOT/aspectjrt-1.9.8-SNAPSHOT.jar:/home/bastoica/.m2/repository/org/aspectj/aspectjweaver/1.9.8-SNAPSHOT/aspectjweaver-1.9.8-SNAPSHOT.jar:/home/bastoica/.m2/repository/org/slf4j/slf4j-api/2.0.0-alpha0/slf4j-api-2.0.0-alpha0.jar:/home/bastoica/.m2/repository/junit/junit/4.13.2/junit-4.13.2.jar:/home/bastoica/.m2/repository/org/hamcrest/hamcrest-core/1.3/hamcrest-core-1.3.jar:/home/bastoica/.m2/repository/org/junit/jupiter/junit-jupiter-api/5.8.2/junit-jupiter-api-5.8.2.jar:/home/bastoica/.m2/repository/org/opentest4j/opentest4j/1.2.0/opentest4j-1.2.0.jar:/home/bastoica/.m2/repository/org/junit/platform/junit-platform-commons/1.8.2/junit-platform-commons-1.8.2.jar:/home/bastoica/.m2/repository/org/apiguardian/apiguardian-api/1.1.2/apiguardian-api-1.1.2.jar:/home/bastoica/.m2/repository/org/assertj/assertj-core/3.20.2/assertj-core-3.20.2.jar:"/>
    <property name="sun.cpu.endian" value="little"/>
    <property name="user.home" value="/home/bastoica"/>
    <property name="user.language" value="en"/>
    <property name="java.specification.vendor" value="Oracle Corporation"/>
    <property name="java.version.date" value="2023-01-17"/>
    <property name="java.home" value="/usr/lib/jvm/java-17-openjdk-amd64"/>
    <property name="java.security.krb5.conf" value="/home/bastoica/projects/wasabi/benchmarks/hadoop/wasabi/target/test-classes/krb5.conf"/>
    <property name="file.separator" value="/"/>
    <property name="basedir" value="/home/bastoica/projects/wasabi/benchmarks/hadoop/wasabi"/>
    <property name="java.vm.compressedOopsMode" value="32-bit"/>
    <property name="line.separator" value="&#10;"/>
    <property name="java.specification.name" value="Java Platform API Specification"/>
    <property name="java.vm.specification.vendor" value="Oracle Corporation"/>
    <property name="surefire.real.class.path" value="/home/bastoica/projects/wasabi/benchmarks/hadoop/wasabi/target/surefire/surefirebooter17245096222333261085.jar"/>
    <property name="hadoop.log.dir" value="/home/bastoica/projects/wasabi/benchmarks/hadoop/wasabi/target/log"/>
    <property name="sun.management.compiler" value="HotSpot 64-Bit Tiered Compilers"/>
    <property name="java.runtime.version" value="17.0.6+10-Ubuntu-0ubuntu122.04"/>
    <property name="user.name" value="bastoica"/>
    <property name="java.net.preferIPv4Stack" value="true"/>
    <property name="path.separator" value=":"/>
    <property name="java.security.egd" value="file:///dev/urandom"/>
    <property name="os.version" value="5.15.0-58-generic"/>
    <property name="java.runtime.name" value="OpenJDK Runtime Environment"/>
    <property name="file.encoding" value="UTF-8"/>
    <property name="java.vm.name" value="OpenJDK 64-Bit Server VM"/>
    <property name="test.build.webapps" value=""/>
    <property name="localRepository" value="/home/bastoica/.m2/repository"/>
    <property name="java.vendor.url.bug" value="Unknown"/>
    <property name="java.io.tmpdir" value="/tmp"/>
    <property name="require.test.libhadoop" value=""/>
    <property name="java.version" value="17.0.6"/>
    <property name="user.dir" value="/home/bastoica/projects/wasabi/benchmarks/hadoop/wasabi"/>
    <property name="os.arch" value="amd64"/>
    <property name="java.vm.specification.name" value="Java Virtual Machine Specification"/>
    <property name="test.build.classes" value="/home/bastoica/projects/wasabi/benchmarks/hadoop/wasabi/target/test-classes"/>
    <property name="native.encoding" value="UTF-8"/>
    <property name="hadoop.tmp.dir" value="/home/bastoica/projects/wasabi/benchmarks/hadoop/wasabi/target/tmp"/>
    <property name="java.library.path" value="${env.LD_LIBRARY_PATH}:/home/bastoica/projects/wasabi/benchmarks/hadoop/wasabi/target/native/target/usr/local/lib:/home/bastoica/projects/wasabi/benchmarks/hadoop/wasabi/../../hadoop-common-project/hadoop-common/target/native/target/usr/local/lib:/usr/java/packages/lib:/usr/lib/x86_64-linux-gnu/jni:/lib/x86_64-linux-gnu:/usr/lib/x86_64-linux-gnu:/usr/lib/jni:/lib:/usr/lib"/>
    <property name="java.vm.info" value="mixed mode, sharing"/>
    <property name="java.vendor" value="Private Build"/>
    <property name="java.vm.version" value="17.0.6+10-Ubuntu-0ubuntu122.04"/>
    <property name="sun.io.unicode.encoding" value="UnicodeLittle"/>
    <property name="java.class.version" value="61.0"/>
  </properties>
  <testcase name="testSocketTimeoutException" classname="wasabi.TestThrowableCallback" time="0.012"/>
</testsuite>